android/app/build/intermediates/manifest_merge_blame_file/debug/processDebugMainManifest/manifest-merger-blame-debug-report.txt
1<?xml version="1.0" encoding="utf-8"?>
2<manifest xmlns:android="http://schemas.android.com/apk/res/android"
3    package="com.bazarlink.customer"
4    android:versionCode="1"
5    android:versionName="1.0.0" >
6
7    <uses-sdk
8        android:minSdkVersion="26"
9        android:targetSdkVersion="35" />
10
11    <uses-permission android:name="android.permission.INTERNET" />
11-->src\main\AndroidManifest.xml:2:5-67
11-->src\main\AndroidManifest.xml:2:22-64
12    <uses-permission android:name="android.permission.ACCESS_FINE_LOCATION" />
12-->src\main\AndroidManifest.xml:3:5-79
12-->src\main\AndroidManifest.xml:3:22-76
13    <uses-permission android:name="android.permission.ACCESS_COARSE_LOCATION" />
13-->src\main\AndroidManifest.xml:4:5-81
13-->src\main\AndroidManifest.xml:4:22-78
14    <uses-permission android:name="android.permission.CAMERA" />
14-->src\main\AndroidManifest.xml:5:5-65
14-->src\main\AndroidManifest.xml:5:22-62
15
16    <uses-feature
16-->src\main\AndroidManifest.xml:7:5-85
17        android:name="android.hardware.camera"
17-->src\main\AndroidManifest.xml:7:19-57
18        android:required="false" />
18-->src\main\AndroidManifest.xml:7:58-82
19
20    <uses-permission android:name="android.permission.ACCESS_NETWORK_STATE" />
20-->[com.google.firebase:firebase-auth:24.1.0] AndroidManifest.xml:26:5-79
20-->[com.google.firebase:firebase-auth:24.1.0] AndroidManifest.xml:26:22-76
21    <uses-permission android:name="android.permission.POST_NOTIFICATIONS" />
21-->[com.google.firebase:firebase-messaging:25.0.2] AndroidManifest.xml:23:5-77
21-->[com.google.firebase:firebase-messaging:25.0.2] AndroidManifest.xml:23:22-74
22    <uses-permission android:name="android.permission.WAKE_LOCK" /> <!-- Required by older versions of Google Play services to create IID tokens -->
22-->[com.google.firebase:firebase-messaging:25.0.2] AndroidManifest.xml:24:5-68
22-->[com.google.firebase:firebase-messaging:25.0.2] AndroidManifest.xml:24:22-65
23    <uses-permission android:name="com.google.android.c2dm.permission.RECEIVE" />
23-->[com.google.firebase:firebase-messaging:25.0.2] AndroidManifest.xml:26:5-82
23-->[com.google.firebase:firebase-messaging:25.0.2] AndroidManifest.xml:26:22-79
24    <uses-permission android:name="com.google.android.gms.permission.AD_ID" />
24-->[com.google.android.gms:play-services-measurement-api:23.2.0] AndroidManifest.xml:25:5-79
24-->[com.google.android.gms:play-services-measurement-api:23.2.0] AndroidManifest.xml:25:22-76
25    <uses-permission android:name="android.permission.ACCESS_ADSERVICES_ATTRIBUTION" />
25-->[com.google.android.gms:play-services-measurement-api:23.2.0] AndroidManifest.xml:26:5-88
25-->[com.google.android.gms:play-services-measurement-api:23.2.0] AndroidManifest.xml:26:22-85
26    <uses-permission android:name="android.permission.ACCESS_ADSERVICES_AD_ID" />
26-->[com.google.android.gms:play-services-measurement-api:23.2.0] AndroidManifest.xml:27:5-82
26-->[com.google.android.gms:play-services-measurement-api:23.2.0] AndroidManifest.xml:27:22-79
27
28    <uses-feature
28-->[com.google.android.gms:play-services-maps:19.0.0] AndroidManifest.xml:26:5-28:35
29        android:glEsVersion="0x00020000"
29-->[com.google.android.gms:play-services-maps:19.0.0] AndroidManifest.xml:27:9-41
30        android:required="true" />
30-->[com.google.android.gms:play-services-maps:19.0.0] AndroidManifest.xml:28:9-32
31
32    <queries>
32-->[com.google.android.gms:play-services-maps:19.0.0] AndroidManifest.xml:30:5-34:15
33
34        <!-- Needs to be explicitly declared on Android R+ -->
35        <package android:name="com.google.android.apps.maps" />
35-->[com.google.android.gms:play-services-maps:19.0.0] AndroidManifest.xml:33:9-64
35-->[com.google.android.gms:play-services-maps:19.0.0] AndroidManifest.xml:33:18-61
36    </queries>
37
38    <uses-permission android:name="com.google.android.finsky.permission.BIND_GET_INSTALL_REFERRER_SERVICE" />
38-->[com.google.android.gms:play-services-measurement:23.2.0] AndroidManifest.xml:26:5-110
38-->[com.google.android.gms:play-services-measurement:23.2.0] AndroidManifest.xml:26:22-107
39    <uses-permission android:name="com.google.android.providers.gsf.permission.READ_GSERVICES" />
39-->[com.google.android.recaptcha:recaptcha:18.6.1] AndroidManifest.xml:9:5-98
39-->[com.google.android.recaptcha:recaptcha:18.6.1] AndroidManifest.xml:9:22-95
40
41    <permission
41-->[androidx.core:core:1.13.0] AndroidManifest.xml:22:5-24:47
42        android:name="com.bazarlink.customer.DYNAMIC_RECEIVER_NOT_EXPORTED_PERMISSION"
42-->[androidx.core:core:1.13.0] AndroidManifest.xml:23:9-81
43        android:protectionLevel="signature" />
43-->[androidx.core:core:1.13.0] AndroidManifest.xml:24:9-44
44
45    <uses-permission android:name="com.bazarlink.customer.DYNAMIC_RECEIVER_NOT_EXPORTED_PERMISSION" />
45-->[androidx.core:core:1.13.0] AndroidManifest.xml:26:5-97
45-->[androidx.core:core:1.13.0] AndroidManifest.xml:26:22-94
46
47    <application
47-->src\main\AndroidManifest.xml:9:5-29:19
48        android:appComponentFactory="androidx.core.app.CoreComponentFactory"
48-->[androidx.core:core:1.13.0] AndroidManifest.xml:28:18-86
49        android:debuggable="true"
50        android:extractNativeLibs="false"
51        android:label="BazarLink"
51-->src\main\AndroidManifest.xml:11:9-34
52        android:networkSecurityConfig="@xml/network_security_config"
52-->src\main\AndroidManifest.xml:12:9-69
53        android:theme="@style/Theme.BazarLink"
53-->src\main\AndroidManifest.xml:10:9-47
54        android:usesCleartextTraffic="true" >
54-->src\main\AndroidManifest.xml:13:9-44
55        <activity
55-->src\main\AndroidManifest.xml:14:9-19:20
56            android:name="com.bazarlink.app.BoardingActivity"
56-->src\main\AndroidManifest.xml:14:19-51
57            android:exported="true" >
57-->src\main\AndroidManifest.xml:14:52-75
58            <intent-filter>
58-->src\main\AndroidManifest.xml:15:13-18:29
59                <action android:name="android.intent.action.MAIN" />
59-->src\main\AndroidManifest.xml:16:17-69
59-->src\main\AndroidManifest.xml:16:25-66
60
61                <category android:name="android.intent.category.LAUNCHER" />
61-->src\main\AndroidManifest.xml:17:17-77
61-->src\main\AndroidManifest.xml:17:27-74
62            </intent-filter>
63        </activity>
64        <activity
64-->src\main\AndroidManifest.xml:20:9-81
65            android:name="com.bazarlink.app.OnboardingActivity"
65-->src\main\AndroidManifest.xml:20:19-53
66            android:exported="false" />
66-->src\main\AndroidManifest.xml:20:54-78
67        <activity
67-->src\main\AndroidManifest.xml:21:9-76
68            android:name="com.bazarlink.app.LoginActivity"
68-->src\main\AndroidManifest.xml:21:19-48
69            android:exported="false" />
69-->src\main\AndroidManifest.xml:21:49-73
70        <activity
70-->src\main\AndroidManifest.xml:22:9-77
71            android:name="com.bazarlink.app.SignUpActivity"
71-->src\main\AndroidManifest.xml:22:19-49
72            android:exported="false" />
72-->src\main\AndroidManifest.xml:22:50-74
73        <activity
73-->src\main\AndroidManifest.xml:23:9-75
74            android:name="com.bazarlink.app.MainActivity"
74-->src\main\AndroidManifest.xml:23:19-47
75            android:exported="false" />
75-->src\main\AndroidManifest.xml:23:48-72
76
77        <service
77-->src\main\AndroidManifest.xml:24:9-28:19
78            android:name="com.bazarlink.shared.notifications.BazarMessagingService"
78-->src\main\AndroidManifest.xml:24:18-89
79            android:exported="false" >
79-->src\main\AndroidManifest.xml:24:90-114
80            <intent-filter>
80-->src\main\AndroidManifest.xml:25:13-27:29
81                <action android:name="com.google.firebase.MESSAGING_EVENT" />
81-->src\main\AndroidManifest.xml:26:17-78
81-->src\main\AndroidManifest.xml:26:25-75
82            </intent-filter>
83        </service>
84        <!--
85        Service for holding metadata. Cannot be instantiated.
86        Metadata will be merged from other manifests.
87        -->
88        <service
88-->[androidx.camera:camera-core:1.4.1] AndroidManifest.xml:29:9-33:78
89            android:name="androidx.camera.core.impl.MetadataHolderService"
89-->[androidx.camera:camera-core:1.4.1] AndroidManifest.xml:30:13-75
90            android:enabled="false"
90-->[androidx.camera:camera-core:1.4.1] AndroidManifest.xml:31:13-36
91            android:exported="false" >
91-->[androidx.camera:camera-core:1.4.1] AndroidManifest.xml:32:13-37
92            <meta-data
92-->[androidx.camera:camera-camera2:1.4.1] AndroidManifest.xml:30:13-32:89
93                android:name="androidx.camera.core.impl.MetadataHolderService.DEFAULT_CONFIG_PROVIDER"
93-->[androidx.camera:camera-camera2:1.4.1] AndroidManifest.xml:31:17-103
94                android:value="androidx.camera.camera2.Camera2Config$DefaultProvider" />
94-->[androidx.camera:camera-camera2:1.4.1] AndroidManifest.xml:32:17-86
95        </service>
96        <service
96-->[com.google.android.gms:play-services-mlkit-barcode-scanning:18.3.1] AndroidManifest.xml:9:9-15:19
97            android:name="com.google.mlkit.common.internal.MlKitComponentDiscoveryService"
97-->[com.google.android.gms:play-services-mlkit-barcode-scanning:18.3.1] AndroidManifest.xml:10:13-91
98            android:directBootAware="true"
98-->[com.google.mlkit:common:18.11.0] AndroidManifest.xml:17:13-43
99            android:exported="false" >
99-->[com.google.android.gms:play-services-mlkit-barcode-scanning:18.3.1] AndroidManifest.xml:11:13-37
100            <meta-data
100-->[com.google.android.gms:play-services-mlkit-barcode-scanning:18.3.1] AndroidManifest.xml:12:13-14:85
101                android:name="com.google.firebase.components:com.google.mlkit.vision.barcode.internal.BarcodeRegistrar"
101-->[com.google.android.gms:play-services-mlkit-barcode-scanning:18.3.1] AndroidManifest.xml:13:17-120
102                android:value="com.google.firebase.components.ComponentRegistrar" />
102-->[com.google.android.gms:play-services-mlkit-barcode-scanning:18.3.1] AndroidManifest.xml:14:17-82
103            <meta-data
103-->[com.google.android.gms:play-services-mlkit-text-recognition-common:19.1.0] AndroidManifest.xml:12:13-14:85
104                android:name="com.google.firebase.components:com.google.mlkit.vision.text.internal.TextRegistrar"
104-->[com.google.android.gms:play-services-mlkit-text-recognition-common:19.1.0] AndroidManifest.xml:13:17-114
105                android:value="com.google.firebase.components.ComponentRegistrar" />
105-->[com.google.android.gms:play-services-mlkit-text-recognition-common:19.1.0] AndroidManifest.xml:14:17-82
106            <meta-data
106-->[com.google.mlkit:vision-common:17.3.0] AndroidManifest.xml:12:13-14:85
107                android:name="com.google.firebase.components:com.google.mlkit.vision.common.internal.VisionCommonRegistrar"
107-->[com.google.mlkit:vision-common:17.3.0] AndroidManifest.xml:13:17-124
108                android:value="com.google.firebase.components.ComponentRegistrar" />
108-->[com.google.mlkit:vision-common:17.3.0] AndroidManifest.xml:14:17-82
109            <meta-data
109-->[com.google.mlkit:common:18.11.0] AndroidManifest.xml:20:13-22:85
110                android:name="com.google.firebase.components:com.google.mlkit.common.internal.CommonComponentRegistrar"
110-->[com.google.mlkit:common:18.11.0] AndroidManifest.xml:21:17-120
111                android:value="com.google.firebase.components.ComponentRegistrar" />
111-->[com.google.mlkit:common:18.11.0] AndroidManifest.xml:22:17-82
112        </service>
113
114        <provider
114-->[com.google.mlkit:common:18.11.0] AndroidManifest.xml:9:9-13:38
115            android:name="com.google.mlkit.common.internal.MlKitInitProvider"
115-->[com.google.mlkit:common:18.11.0] AndroidManifest.xml:10:13-78
116            android:authorities="com.bazarlink.customer.mlkitinitprovider"
116-->[com.google.mlkit:common:18.11.0] AndroidManifest.xml:11:13-69
117            android:exported="false"
117-->[com.google.mlkit:common:18.11.0] AndroidManifest.xml:12:13-37
118            android:initOrder="99" />
118-->[com.google.mlkit:common:18.11.0] AndroidManifest.xml:13:13-35
119
120        <activity
120-->[com.google.firebase:firebase-auth:24.1.0] AndroidManifest.xml:29:9-46:20
121            android:name="com.google.firebase.auth.internal.GenericIdpActivity"
121-->[com.google.firebase:firebase-auth:24.1.0] AndroidManifest.xml:30:13-80
122            android:excludeFromRecents="true"
122-->[com.google.firebase:firebase-auth:24.1.0] AndroidManifest.xml:31:13-46
123            android:exported="true"
123-->[com.google.firebase:firebase-auth:24.1.0] AndroidManifest.xml:32:13-36
124            android:launchMode="singleTask"
124-->[com.google.firebase:firebase-auth:24.1.0] AndroidManifest.xml:33:13-44
125            android:theme="@android:style/Theme.Translucent.NoTitleBar" >
125-->[com.google.firebase:firebase-auth:24.1.0] AndroidManifest.xml:34:13-72
126            <intent-filter>
126-->[com.google.firebase:firebase-auth:24.1.0] AndroidManifest.xml:35:13-45:29
127                <action android:name="android.intent.action.VIEW" />
127-->[com.google.firebase:firebase-auth:24.1.0] AndroidManifest.xml:36:17-69
127-->[com.google.firebase:firebase-auth:24.1.0] AndroidManifest.xml:36:25-66
128
129                <category android:name="android.intent.category.DEFAULT" />
129-->[com.google.firebase:firebase-auth:24.1.0] AndroidManifest.xml:38:17-76
129-->[com.google.firebase:firebase-auth:24.1.0] AndroidManifest.xml:38:27-73
130                <category android:name="android.intent.category.BROWSABLE" />
130-->[com.google.firebase:firebase-auth:24.1.0] AndroidManifest.xml:39:17-78
130-->[com.google.firebase:firebase-auth:24.1.0] AndroidManifest.xml:39:27-75
131
132                <data
132-->[com.google.firebase:firebase-auth:24.1.0] AndroidManifest.xml:41:17-44:51
133                    android:host="firebase.auth"
133-->[com.google.firebase:firebase-auth:24.1.0] AndroidManifest.xml:42:21-49
134                    android:path="/"
134-->[com.google.firebase:firebase-auth:24.1.0] AndroidManifest.xml:43:21-37
135                    android:scheme="genericidp" />
135-->[com.google.firebase:firebase-auth:24.1.0] AndroidManifest.xml:44:21-48
136            </intent-filter>
137        </activity>
138        <activity
138-->[com.google.firebase:firebase-auth:24.1.0] AndroidManifest.xml:47:9-64:20
139            android:name="com.google.firebase.auth.internal.RecaptchaActivity"
139-->[com.google.firebase:firebase-auth:24.1.0] AndroidManifest.xml:48:13-79
140            android:excludeFromRecents="true"
140-->[com.google.firebase:firebase-auth:24.1.0] AndroidManifest.xml:49:13-46
141            android:exported="true"
141-->[com.google.firebase:firebase-auth:24.1.0] AndroidManifest.xml:50:13-36
142            android:launchMode="singleTask"
142-->[com.google.firebase:firebase-auth:24.1.0] AndroidManifest.xml:51:13-44
143            android:theme="@android:style/Theme.Translucent.NoTitleBar" >
143-->[com.google.firebase:firebase-auth:24.1.0] AndroidManifest.xml:52:13-72
144            <intent-filter>
144-->[com.google.firebase:firebase-auth:24.1.0] AndroidManifest.xml:53:13-63:29
145                <action android:name="android.intent.action.VIEW" />
145-->[com.google.firebase:firebase-auth:24.1.0] AndroidManifest.xml:36:17-69
145-->[com.google.firebase:firebase-auth:24.1.0] AndroidManifest.xml:36:25-66
146
147                <category android:name="android.intent.category.DEFAULT" />
147-->[com.google.firebase:firebase-auth:24.1.0] AndroidManifest.xml:38:17-76
147-->[com.google.firebase:firebase-auth:24.1.0] AndroidManifest.xml:38:27-73
148                <category android:name="android.intent.category.BROWSABLE" />
148-->[com.google.firebase:firebase-auth:24.1.0] AndroidManifest.xml:39:17-78
148-->[com.google.firebase:firebase-auth:24.1.0] AndroidManifest.xml:39:27-75
149
150                <data
150-->[com.google.firebase:firebase-auth:24.1.0] AndroidManifest.xml:41:17-44:51
151                    android:host="firebase.auth"
151-->[com.google.firebase:firebase-auth:24.1.0] AndroidManifest.xml:42:21-49
152                    android:path="/"
152-->[com.google.firebase:firebase-auth:24.1.0] AndroidManifest.xml:43:21-37
153                    android:scheme="recaptcha" />
153-->[com.google.firebase:firebase-auth:24.1.0] AndroidManifest.xml:44:21-48
154            </intent-filter>
155        </activity>
156
157        <service
157-->[com.google.firebase:firebase-auth:24.1.0] AndroidManifest.xml:66:9-72:19
158            android:name="com.google.firebase.components.ComponentDiscoveryService"
158-->[com.google.firebase:firebase-auth:24.1.0] AndroidManifest.xml:67:13-84
159            android:directBootAware="true"
159-->[com.google.firebase:firebase-common:22.0.1] AndroidManifest.xml:32:13-43
160            android:exported="false" >
160-->[com.google.firebase:firebase-auth:24.1.0] AndroidManifest.xml:68:13-37
161            <meta-data
161-->[com.google.firebase:firebase-auth:24.1.0] AndroidManifest.xml:69:13-71:85
162                android:name="com.google.firebase.components:com.google.firebase.auth.FirebaseAuthRegistrar"
162-->[com.google.firebase:firebase-auth:24.1.0] AndroidManifest.xml:70:17-109
163                android:value="com.google.firebase.components.ComponentRegistrar" />
163-->[com.google.firebase:firebase-auth:24.1.0] AndroidManifest.xml:71:17-82
164            <meta-data
164-->[com.google.firebase:firebase-messaging:25.0.2] AndroidManifest.xml:57:13-59:85
165                android:name="com.google.firebase.components:com.google.firebase.messaging.FirebaseMessagingKtxRegistrar"
165-->[com.google.firebase:firebase-messaging:25.0.2] AndroidManifest.xml:58:17-122
166                android:value="com.google.firebase.components.ComponentRegistrar" />
166-->[com.google.firebase:firebase-messaging:25.0.2] AndroidManifest.xml:59:17-82
167            <meta-data
167-->[com.google.firebase:firebase-messaging:25.0.2] AndroidManifest.xml:60:13-62:85
168                android:name="com.google.firebase.components:com.google.firebase.messaging.FirebaseMessagingRegistrar"
168-->[com.google.firebase:firebase-messaging:25.0.2] AndroidManifest.xml:61:17-119
169                android:value="com.google.firebase.components.ComponentRegistrar" />
169-->[com.google.firebase:firebase-messaging:25.0.2] AndroidManifest.xml:62:17-82
170            <meta-data
170-->[com.google.android.gms:play-services-measurement-api:23.2.0] AndroidManifest.xml:33:13-35:85
171                android:name="com.google.firebase.components:com.google.firebase.analytics.connector.internal.AnalyticsConnectorRegistrar"
171-->[com.google.android.gms:play-services-measurement-api:23.2.0] AndroidManifest.xml:34:17-139
172                android:value="com.google.firebase.components.ComponentRegistrar" />
172-->[com.google.android.gms:play-services-measurement-api:23.2.0] AndroidManifest.xml:35:17-82
173            <meta-data
173-->[com.google.firebase:firebase-installations:19.1.0] AndroidManifest.xml:15:13-17:85
174                android:name="com.google.firebase.components:com.google.firebase.installations.FirebaseInstallationsKtxRegistrar"
174-->[com.google.firebase:firebase-installations:19.1.0] AndroidManifest.xml:16:17-130
175                android:value="com.google.firebase.components.ComponentRegistrar" />
175-->[com.google.firebase:firebase-installations:19.1.0] AndroidManifest.xml:17:17-82
176            <meta-data
176-->[com.google.firebase:firebase-installations:19.1.0] AndroidManifest.xml:18:13-20:85
177                android:name="com.google.firebase.components:com.google.firebase.installations.FirebaseInstallationsRegistrar"
177-->[com.google.firebase:firebase-installations:19.1.0] AndroidManifest.xml:19:17-127
178                android:value="com.google.firebase.components.ComponentRegistrar" />
178-->[com.google.firebase:firebase-installations:19.1.0] AndroidManifest.xml:20:17-82
179            <meta-data
179-->[com.google.firebase:firebase-common:22.0.1] AndroidManifest.xml:35:13-37:85
180                android:name="com.google.firebase.components:com.google.firebase.FirebaseCommonKtxRegistrar"
180-->[com.google.firebase:firebase-common:22.0.1] AndroidManifest.xml:36:17-109
181                android:value="com.google.firebase.components.ComponentRegistrar" />
181-->[com.google.firebase:firebase-common:22.0.1] AndroidManifest.xml:37:17-82
182            <meta-data
182-->[com.google.firebase:firebase-datatransport:18.2.0] AndroidManifest.xml:25:13-27:85
183                android:name="com.google.firebase.components:com.google.firebase.datatransport.TransportRegistrar"
183-->[com.google.firebase:firebase-datatransport:18.2.0] AndroidManifest.xml:26:17-115
184                android:value="com.google.firebase.components.ComponentRegistrar" />
184-->[com.google.firebase:firebase-datatransport:18.2.0] AndroidManifest.xml:27:17-82
185        </service>
186
187        <receiver
187-->[com.google.firebase:firebase-messaging:25.0.2] AndroidManifest.xml:29:9-40:20
188            android:name="com.google.firebase.iid.FirebaseInstanceIdReceiver"
188-->[com.google.firebase:firebase-messaging:25.0.2] AndroidManifest.xml:30:13-78
189            android:exported="true"
189-->[com.google.firebase:firebase-messaging:25.0.2] AndroidManifest.xml:31:13-36
190            android:permission="com.google.android.c2dm.permission.SEND" >
190-->[com.google.firebase:firebase-messaging:25.0.2] AndroidManifest.xml:32:13-73
191            <intent-filter>
191-->[com.google.firebase:firebase-messaging:25.0.2] AndroidManifest.xml:33:13-35:29
192                <action android:name="com.google.android.c2dm.intent.RECEIVE" />
192-->[com.google.firebase:firebase-messaging:25.0.2] AndroidManifest.xml:34:17-81
192-->[com.google.firebase:firebase-messaging:25.0.2] AndroidManifest.xml:34:25-78
193            </intent-filter>
194
195            <meta-data
195-->[com.google.firebase:firebase-messaging:25.0.2] AndroidManifest.xml:37:13-39:40
196                android:name="com.google.android.gms.cloudmessaging.FINISHED_AFTER_HANDLED"
196-->[com.google.firebase:firebase-messaging:25.0.2] AndroidManifest.xml:38:17-92
197                android:value="true" />
197-->[com.google.firebase:firebase-messaging:25.0.2] AndroidManifest.xml:39:17-37
198        </receiver>
199        <!--
200             FirebaseMessagingService performs security checks at runtime,
201             but set to not exported to explicitly avoid allowing another app to call it.
202        -->
203        <service
203-->[com.google.firebase:firebase-messaging:25.0.2] AndroidManifest.xml:46:9-53:19
204            android:name="com.google.firebase.messaging.FirebaseMessagingService"
204-->[com.google.firebase:firebase-messaging:25.0.2] AndroidManifest.xml:47:13-82
205            android:directBootAware="true"
205-->[com.google.firebase:firebase-messaging:25.0.2] AndroidManifest.xml:48:13-43
206            android:exported="false" >
206-->[com.google.firebase:firebase-messaging:25.0.2] AndroidManifest.xml:49:13-37
207            <intent-filter android:priority="-500" >
207-->src\main\AndroidManifest.xml:25:13-27:29
208                <action android:name="com.google.firebase.MESSAGING_EVENT" />
208-->src\main\AndroidManifest.xml:26:17-78
208-->src\main\AndroidManifest.xml:26:25-75
209            </intent-filter>
210        </service>
211
212        <provider
212-->[com.google.firebase:firebase-common:22.0.1] AndroidManifest.xml:23:9-28:39
213            android:name="com.google.firebase.provider.FirebaseInitProvider"
213-->[com.google.firebase:firebase-common:22.0.1] AndroidManifest.xml:24:13-77
214            android:authorities="com.bazarlink.customer.firebaseinitprovider"
214-->[com.google.firebase:firebase-common:22.0.1] AndroidManifest.xml:25:13-72
215            android:directBootAware="true"
215-->[com.google.firebase:firebase-common:22.0.1] AndroidManifest.xml:26:13-43
216            android:exported="false"
216-->[com.google.firebase:firebase-common:22.0.1] AndroidManifest.xml:27:13-37
217            android:initOrder="100" />
217-->[com.google.firebase:firebase-common:22.0.1] AndroidManifest.xml:28:13-36
218
219        <service
219-->[com.google.android.datatransport:transport-backend-cct:3.1.9] AndroidManifest.xml:28:9-34:19
220            android:name="com.google.android.datatransport.runtime.backends.TransportBackendDiscovery"
220-->[com.google.android.datatransport:transport-backend-cct:3.1.9] AndroidManifest.xml:29:13-103
221            android:exported="false" >
221-->[com.google.android.datatransport:transport-backend-cct:3.1.9] AndroidManifest.xml:30:13-37
222            <meta-data
222-->[com.google.android.datatransport:transport-backend-cct:3.1.9] AndroidManifest.xml:31:13-33:39
223                android:name="backend:com.google.android.datatransport.cct.CctBackendFactory"
223-->[com.google.android.datatransport:transport-backend-cct:3.1.9] AndroidManifest.xml:32:17-94
224                android:value="cct" />
224-->[com.google.android.datatransport:transport-backend-cct:3.1.9] AndroidManifest.xml:33:17-36
225        </service>
226        <service
226-->[com.google.android.datatransport:transport-runtime:3.1.9] AndroidManifest.xml:26:9-30:19
227            android:name="com.google.android.datatransport.runtime.scheduling.jobscheduling.JobInfoSchedulerService"
227-->[com.google.android.datatransport:transport-runtime:3.1.9] AndroidManifest.xml:27:13-117
228            android:exported="false"
228-->[com.google.android.datatransport:transport-runtime:3.1.9] AndroidManifest.xml:28:13-37
229            android:permission="android.permission.BIND_JOB_SERVICE" >
229-->[com.google.android.datatransport:transport-runtime:3.1.9] AndroidManifest.xml:29:13-69
230        </service>
231
232        <receiver
232-->[com.google.android.datatransport:transport-runtime:3.1.9] AndroidManifest.xml:32:9-34:40
233            android:name="com.google.android.datatransport.runtime.scheduling.jobscheduling.AlarmManagerSchedulerBroadcastReceiver"
233-->[com.google.android.datatransport:transport-runtime:3.1.9] AndroidManifest.xml:33:13-132
234            android:exported="false" />
234-->[com.google.android.datatransport:transport-runtime:3.1.9] AndroidManifest.xml:34:13-37
235
236        <service
236-->[androidx.room:room-runtime:2.6.1] AndroidManifest.xml:24:9-28:63
237            android:name="androidx.room.MultiInstanceInvalidationService"
237-->[androidx.room:room-runtime:2.6.1] AndroidManifest.xml:25:13-74
238            android:directBootAware="true"
238-->[androidx.room:room-runtime:2.6.1] AndroidManifest.xml:26:13-43
239            android:exported="false" />
239-->[androidx.room:room-runtime:2.6.1] AndroidManifest.xml:27:13-37
240        <service
240-->[androidx.credentials:credentials-play-services-auth:1.2.0-rc01] AndroidManifest.xml:24:9-32:19
241            android:name="androidx.credentials.playservices.CredentialProviderMetadataHolder"
241-->[androidx.credentials:credentials-play-services-auth:1.2.0-rc01] AndroidManifest.xml:25:13-94
242            android:enabled="true"
242-->[androidx.credentials:credentials-play-services-auth:1.2.0-rc01] AndroidManifest.xml:26:13-35
243            android:exported="false" >
243-->[androidx.credentials:credentials-play-services-auth:1.2.0-rc01] AndroidManifest.xml:27:13-37
244            <meta-data
244-->[androidx.credentials:credentials-play-services-auth:1.2.0-rc01] AndroidManifest.xml:29:13-31:104
245                android:name="androidx.credentials.CREDENTIAL_PROVIDER_KEY"
245-->[androidx.credentials:credentials-play-services-auth:1.2.0-rc01] AndroidManifest.xml:30:17-76
246                android:value="androidx.credentials.playservices.CredentialProviderPlayServicesImpl" />
246-->[androidx.credentials:credentials-play-services-auth:1.2.0-rc01] AndroidManifest.xml:31:17-101
247        </service>
248
249        <activity
249-->[androidx.credentials:credentials-play-services-auth:1.2.0-rc01] AndroidManifest.xml:34:9-41:20
250            android:name="androidx.credentials.playservices.HiddenActivity"
250-->[androidx.credentials:credentials-play-services-auth:1.2.0-rc01] AndroidManifest.xml:35:13-76
251            android:configChanges="orientation|screenSize|screenLayout|keyboardHidden"
251-->[androidx.credentials:credentials-play-services-auth:1.2.0-rc01] AndroidManifest.xml:36:13-87
252            android:enabled="true"
252-->[androidx.credentials:credentials-play-services-auth:1.2.0-rc01] AndroidManifest.xml:37:13-35
253            android:exported="false"
253-->[androidx.credentials:credentials-play-services-auth:1.2.0-rc01] AndroidManifest.xml:38:13-37
254            android:fitsSystemWindows="true"
254-->[androidx.credentials:credentials-play-services-auth:1.2.0-rc01] AndroidManifest.xml:39:13-45
255            android:theme="@style/Theme.Hidden" >
255-->[androidx.credentials:credentials-play-services-auth:1.2.0-rc01] AndroidManifest.xml:40:13-48
256        </activity>
257        <activity
257-->[com.google.android.gms:play-services-auth:21.3.0] AndroidManifest.xml:23:9-27:75
258            android:name="com.google.android.gms.auth.api.signin.internal.SignInHubActivity"
258-->[com.google.android.gms:play-services-auth:21.3.0] AndroidManifest.xml:24:13-93
259            android:excludeFromRecents="true"
259-->[com.google.android.gms:play-services-auth:21.3.0] AndroidManifest.xml:25:13-46
260            android:exported="false"
260-->[com.google.android.gms:play-services-auth:21.3.0] AndroidManifest.xml:26:13-37
261            android:theme="@android:style/Theme.Translucent.NoTitleBar" />
261-->[com.google.android.gms:play-services-auth:21.3.0] AndroidManifest.xml:27:13-72
262        <!--
263            Service handling Google Sign-In user revocation. For apps that do not integrate with